<?xml version="1.0" encoding="UTF-8"?>
<!-- Generated by org.testng.reporters.JUnitXMLReporter -->
<testsuite hostname="Dimples-Air" name="Test" tests="4" failures="0" timestamp="7 Oct 2016 03:09:23 GMT" time="4.068" errors="0">
  <testcase name="searchEmptyParameters" time="2.924" classname="itunesSearchTest.SearchAPITest"/>
  <testcase name="searchInvalidTermCountryMediaLimit" time="0.239" classname="itunesSearchTest.SearchAPITest"/>
  <testcase name="searchValidTerm" time="0.355" classname="itunesSearchTest.SearchAPITest"/>
  <testcase name="searchvalidTermCountryMediaLimit" time="0.516" classname="itunesSearchTest.SearchAPITest"/>
</testsuite> <!-- Test -->
